<?xml version="1.0" encoding="UTF-8"?>
<robot generator="Robot 7.1 (Python 3.12.2 on win32)" generated="2024-10-01T21:02:47.840010" rpa="false" schemaversion="5">
<suite id="s1" name="All" source="c:\Users\denis_remniakov\Documents\study\dqe_mentoring\3_TA_for_DQE\try\all.robot">
<test id="s1-t1" name="Validate Country Count" line="16">
<kw name="Log To Console" owner="BuiltIn">
<arg>${DB_HOST}</arg>
<doc>Logs the given message to the console.</doc>
<status status="PASS" start="2024-10-01T21:02:47.870894" elapsed="0.000000"/>
</kw>
<status status="PASS" start="2024-10-01T21:02:47.864999" elapsed="0.006918"/>
</test>
<status status="PASS" start="2024-10-01T21:02:47.845157" elapsed="0.027206"/>
</suite>
<statistics>
<total>
<stat pass="1" fail="0" skip="0">All Tests</stat>
</total>
<tag>
</tag>
<suite>
<stat pass="1" fail="0" skip="0" id="s1" name="All">All</stat>
</suite>
</statistics>
<errors>
</errors>
</robot>
